<?xml version="1.0" encoding="UTF-8"?>
<!-- Generated by org.testng.reporters.JUnitXMLReporter -->
<testsuite ignored="1" hostname="DESKTOP-9CO02UK" failures="1" tests="1" name="Test" time="8.576" errors="0" timestamp="2022-08-18T10:23:44 EAT">
  <testcase classname="functionalTests.testsByBonface.SubscribeNewsLetter" name="clicksubscribe" time="0.251">
    <failure type="java.lang.AssertionError" message="expected [true] but found [false]">
      <![CDATA[java.lang.AssertionError: expected [true] but found [false]
at functionalTests.testsByBonface.SubscribeNewsLetter.clicksubscribe(SubscribeNewsLetter.java:51)
at java.base/java.util.ArrayList.forEach(ArrayList.java:1511)
... Removed 31 stack frames]]>
    </failure>
  </testcase> <!-- clicksubscribe -->
  <testcase classname="functionalTests.testsByBonface.SubscribeNewsLetter" name="enterEmail" time="0.0">
    <ignored/>
  </testcase> <!-- enterEmail -->
</testsuite> <!-- Test -->
