<?xml version="1.0" encoding="UTF-8"?>
<testng-results skipped="0" failed="1" ignored="0" total="4" passed="3">
  <reporter-output>
  </reporter-output>
  <suite name="Default suite" duration-ms="105939" started-at="2022-07-22T04:43:49 EAT" finished-at="2022-07-22T04:45:35 EAT">
    <groups>
    </groups>
    <test name="Default test" duration-ms="105939" started-at="2022-07-22T04:43:49 EAT" finished-at="2022-07-22T04:45:35 EAT">
      <class name="functionalTests.testsByBrian.tests.SignIn.Validation_messages_for_required_fields">
        <test-method status="PASS" signature="beforeClass()[pri:0, instance:functionalTests.testsByBrian.tests.SignIn.Validation_messages_for_required_fields@4fb64261]" name="beforeClass" is-config="true" duration-ms="29834" started-at="2022-07-22T04:43:49 EAT" finished-at="2022-07-22T04:44:18 EAT">
          <reporter-output>
          </reporter-output>
        </test-method> <!-- beforeClass -->
        <test-method status="PASS" signature="beforeEach()[pri:0, instance:functionalTests.testsByBrian.tests.SignIn.Validation_messages_for_required_fields@4fb64261]" name="beforeEach" is-config="true" duration-ms="18943" started-at="2022-07-22T04:44:18 EAT" finished-at="2022-07-22T04:44:37 EAT">
          <reporter-output>
          </reporter-output>
        </test-method> <!-- beforeEach -->
        <test-method status="PASS" signature="Empty_fields()[pri:0, instance:functionalTests.testsByBrian.tests.SignIn.Validation_messages_for_required_fields@4fb64261]" name="Empty_fields" duration-ms="1985" started-at="2022-07-22T04:44:37 EAT" finished-at="2022-07-22T04:44:39 EAT">
          <reporter-output>
          </reporter-output>
        </test-method> <!-- Empty_fields -->
        <test-method status="PASS" signature="afterEach()[pri:0, instance:functionalTests.testsByBrian.tests.SignIn.Validation_messages_for_required_fields@4fb64261]" name="afterEach" is-config="true" duration-ms="2014" started-at="2022-07-22T04:44:39 EAT" finished-at="2022-07-22T04:44:41 EAT">
          <reporter-output>
          </reporter-output>
        </test-method> <!-- afterEach -->
        <test-method status="PASS" signature="beforeEach()[pri:0, instance:functionalTests.testsByBrian.tests.SignIn.Validation_messages_for_required_fields@4fb64261]" name="beforeEach" is-config="true" duration-ms="9358" started-at="2022-07-22T04:44:41 EAT" finished-at="2022-07-22T04:44:51 EAT">
          <reporter-output>
          </reporter-output>
        </test-method> <!-- beforeEach -->
        <test-method status="PASS" signature="Incorrect_email()[pri:1, instance:functionalTests.testsByBrian.tests.SignIn.Validation_messages_for_required_fields@4fb64261]" name="Incorrect_email" duration-ms="2996" started-at="2022-07-22T04:44:51 EAT" finished-at="2022-07-22T04:44:54 EAT">
          <reporter-output>
          </reporter-output>
        </test-method> <!-- Incorrect_email -->
        <test-method status="PASS" signature="afterEach()[pri:0, instance:functionalTests.testsByBrian.tests.SignIn.Validation_messages_for_required_fields@4fb64261]" name="afterEach" is-config="true" duration-ms="2014" started-at="2022-07-22T04:44:54 EAT" finished-at="2022-07-22T04:44:56 EAT">
          <reporter-output>
          </reporter-output>
        </test-method> <!-- afterEach -->
        <test-method status="PASS" signature="beforeEach()[pri:0, instance:functionalTests.testsByBrian.tests.SignIn.Validation_messages_for_required_fields@4fb64261]" name="beforeEach" is-config="true" duration-ms="9297" started-at="2022-07-22T04:44:56 EAT" finished-at="2022-07-22T04:45:05 EAT">
          <reporter-output>
          </reporter-output>
        </test-method> <!-- beforeEach -->
        <test-method status="PASS" signature="Password_less_than_6_symbols()[pri:2, instance:functionalTests.testsByBrian.tests.SignIn.Validation_messages_for_required_fields@4fb64261]" name="Password_less_than_6_symbols" duration-ms="3740" started-at="2022-07-22T04:45:05 EAT" finished-at="2022-07-22T04:45:09 EAT">
          <reporter-output>
          </reporter-output>
        </test-method> <!-- Password_less_than_6_symbols -->
        <test-method status="PASS" signature="afterEach()[pri:0, instance:functionalTests.testsByBrian.tests.SignIn.Validation_messages_for_required_fields@4fb64261]" name="afterEach" is-config="true" duration-ms="2015" started-at="2022-07-22T04:45:09 EAT" finished-at="2022-07-22T04:45:11 EAT">
          <reporter-output>
          </reporter-output>
        </test-method> <!-- afterEach -->
        <test-method status="PASS" signature="beforeEach()[pri:0, instance:functionalTests.testsByBrian.tests.SignIn.Validation_messages_for_required_fields@4fb64261]" name="beforeEach" is-config="true" duration-ms="8424" started-at="2022-07-22T04:45:11 EAT" finished-at="2022-07-22T04:45:19 EAT">
          <reporter-output>
          </reporter-output>
        </test-method> <!-- beforeEach -->
        <test-method status="FAIL" signature="Add_valid_data()[pri:3, instance:functionalTests.testsByBrian.tests.SignIn.Validation_messages_for_required_fields@4fb64261]" name="Add_valid_data" duration-ms="5564" started-at="2022-07-22T04:45:19 EAT" finished-at="2022-07-22T04:45:25 EAT">
          <exception class="java.lang.AssertionError">
            <full-stacktrace>
              <![CDATA[java.lang.AssertionError
at functionalTests.testsByBrian.tests.SignIn.Validation_messages_for_required_fields.Add_valid_data(Validation_messages_for_required_fields.java:170)
at sun.reflect.NativeMethodAccessorImpl.invoke0(Native Method)
at sun.reflect.NativeMethodAccessorImpl.invoke(Unknown Source)
at sun.reflect.DelegatingMethodAccessorImpl.invoke(Unknown Source)
at java.lang.reflect.Method.invoke(Unknown Source)
at org.testng.internal.MethodInvocationHelper.invokeMethod(MethodInvocationHelper.java:133)
at org.testng.internal.TestInvoker.invokeMethod(TestInvoker.java:598)
at org.testng.internal.TestInvoker.invokeTestMethod(TestInvoker.java:173)
at org.testng.internal.MethodRunner.runInSequence(MethodRunner.java:46)
at org.testng.internal.TestInvoker$MethodInvocationAgent.invoke(TestInvoker.java:824)
at org.testng.internal.TestInvoker.invokeTestMethods(TestInvoker.java:146)
at org.testng.internal.TestMethodWorker.invokeTestMethods(TestMethodWorker.java:146)
at org.testng.internal.TestMethodWorker.run(TestMethodWorker.java:128)
at java.util.ArrayList.forEach(Unknown Source)
at org.testng.TestRunner.privateRun(TestRunner.java:794)
at org.testng.TestRunner.run(TestRunner.java:596)
at org.testng.SuiteRunner.runTest(SuiteRunner.java:377)
at org.testng.SuiteRunner.runSequentially(SuiteRunner.java:371)
at org.testng.SuiteRunner.privateRun(SuiteRunner.java:332)
at org.testng.SuiteRunner.run(SuiteRunner.java:276)
at org.testng.SuiteRunnerWorker.runSuite(SuiteRunnerWorker.java:53)
at org.testng.SuiteRunnerWorker.run(SuiteRunnerWorker.java:96)
at org.testng.TestNG.runSuitesSequentially(TestNG.java:1212)
at org.testng.TestNG.runSuitesLocally(TestNG.java:1134)
at org.testng.TestNG.runSuites(TestNG.java:1063)
at org.testng.TestNG.run(TestNG.java:1031)
at org.testng.remote.AbstractRemoteTestNG.run(AbstractRemoteTestNG.java:115)
at org.testng.remote.RemoteTestNG.initAndRun(RemoteTestNG.java:251)
at org.testng.remote.RemoteTestNG.main(RemoteTestNG.java:77)
]]>
            </full-stacktrace>
          </exception> <!-- java.lang.AssertionError -->
          <reporter-output>
          </reporter-output>
        </test-method> <!-- Add_valid_data -->
        <test-method status="PASS" signature="afterEach()[pri:0, instance:functionalTests.testsByBrian.tests.SignIn.Validation_messages_for_required_fields@4fb64261]" name="afterEach" is-config="true" duration-ms="2014" started-at="2022-07-22T04:45:25 EAT" finished-at="2022-07-22T04:45:27 EAT">
          <reporter-output>
          </reporter-output>
        </test-method> <!-- afterEach -->
        <test-method status="PASS" signature="afterClass()[pri:0, instance:functionalTests.testsByBrian.tests.SignIn.Validation_messages_for_required_fields@4fb64261]" name="afterClass" is-config="true" duration-ms="7560" started-at="2022-07-22T04:45:27 EAT" finished-at="2022-07-22T04:45:35 EAT">
          <reporter-output>
          </reporter-output>
        </test-method> <!-- afterClass -->
      </class> <!-- functionalTests.testsByBrian.tests.SignIn.Validation_messages_for_required_fields -->
    </test> <!-- Default test -->
  </suite> <!-- Default suite -->
</testng-results>
